Using pre-set license
Built from '2021.3/staging' branch; Version is '2021.3.22f1 (b6c551784ba3) revision 11978065'; Using compiler version '192829333'; Build Type 'Release'
OS: 'Windows 10  (10.0.19045) 64bit Core' Language: 'en' Physical Memory: 16342 MB
BatchMode: 1, IsHumanControllingUs: 0, StartBugReporterOnCrash: 0, Is64bit: 1, IsPro: 1

COMMAND LINE ARGUMENTS:
C:\Program Files\Unity\Hub\Editor\2021.3.22f1\Editor\Unity.exe
-adb2
-batchMode
-noUpm
-name
AssetImportWorker11
-projectPath
C:/Users/samue/OneDrive/Documents/GitHub/Squad5_VR_Unity_Project/IBE320 Squad5
-logFile
Logs/AssetImportWorker11.log
-srvPort
65051
Successfully changed project path to: C:/Users/samue/OneDrive/Documents/GitHub/Squad5_VR_Unity_Project/IBE320 Squad5
C:/Users/samue/OneDrive/Documents/GitHub/Squad5_VR_Unity_Project/IBE320 Squad5
[UnityMemory] Configuration Parameters - Can be set up in boot.config
    "memorysetup-bucket-allocator-granularity=16"
    "memorysetup-bucket-allocator-bucket-count=8"
    "memorysetup-bucket-allocator-block-size=33554432"
    "memorysetup-bucket-allocator-block-count=8"
    "memorysetup-main-allocator-block-size=16777216"
    "memorysetup-thread-allocator-block-size=16777216"
    "memorysetup-gfx-main-allocator-block-size=16777216"
    "memorysetup-gfx-thread-allocator-block-size=16777216"
    "memorysetup-cache-allocator-block-size=4194304"
    "memorysetup-typetree-allocator-block-size=2097152"
    "memorysetup-profiler-bucket-allocator-granularity=16"
    "memorysetup-profiler-bucket-allocator-bucket-count=8"
    "memorysetup-profiler-bucket-allocator-block-size=33554432"
    "memorysetup-profiler-bucket-allocator-block-count=8"
    "memorysetup-profiler-allocator-block-size=16777216"
    "memorysetup-profiler-editor-allocator-block-size=1048576"
    "memorysetup-temp-allocator-size-main=16777216"
    "memorysetup-job-temp-allocator-block-size=2097152"
    "memorysetup-job-temp-allocator-block-size-background=1048576"
    "memorysetup-job-temp-allocator-reduction-small-platforms=262144"
    "memorysetup-temp-allocator-size-background-worker=32768"
    "memorysetup-temp-allocator-size-job-worker=262144"
    "memorysetup-temp-allocator-size-preload-manager=33554432"
    "memorysetup-temp-allocator-size-nav-mesh-worker=65536"
    "memorysetup-temp-allocator-size-audio-worker=65536"
    "memorysetup-temp-allocator-size-cloud-worker=32768"
    "memorysetup-temp-allocator-size-gi-baking-worker=262144"
    "memorysetup-temp-allocator-size-gfx=262144"
Player connection [7196] Host "[IP] 192.168.1.109 [Port] 0 [Flags] 2 [Guid] 301660233 [EditorId] 301660233 [Version] 1048832 [Id] WindowsEditor(7,DESKTOP-V0RQ213) [Debug] 1 [PackageName] WindowsEditor [ProjectName] Editor" joined multi-casting on [225.0.0.222:54997]...

Player connection [7196] Host "[IP] 192.168.1.109 [Port] 0 [Flags] 2 [Guid] 301660233 [EditorId] 301660233 [Version] 1048832 [Id] WindowsEditor(7,DESKTOP-V0RQ213) [Debug] 1 [PackageName] WindowsEditor [ProjectName] Editor" joined alternative multi-casting on [225.0.0.222:34997]...

Refreshing native plugins compatible for Editor in 252.57 ms, found 12 plugins.
Preloading 1 native plugins for Editor in 2.08 ms.
Initialize engine version: 2021.3.22f1 (b6c551784ba3)
[Subsystems] Discovering subsystems at path C:/Program Files/Unity/Hub/Editor/2021.3.22f1/Editor/Data/Resources/UnitySubsystems
[Subsystems] Discovering subsystems at path C:/Users/samue/OneDrive/Documents/GitHub/Squad5_VR_Unity_Project/IBE320 Squad5/Assets
GfxDevice: creating device client; threaded=0; jobified=0
Direct3D:
    Version:  Direct3D 11.0 [level 11.1]
    Renderer: NVIDIA GeForce GTX 1050 (ID=0x1c81)
    Vendor:   NVIDIA
    VRAM:     1977 MB
    Driver:   30.0.15.1215
Initialize mono
Mono path[0] = 'C:/Program Files/Unity/Hub/Editor/2021.3.22f1/Editor/Data/Managed'
Mono path[1] = 'C:/Program Files/Unity/Hub/Editor/2021.3.22f1/Editor/Data/MonoBleedingEdge/lib/mono/unityjit-win32'
Mono config path = 'C:/Program Files/Unity/Hub/Editor/2021.3.22f1/Editor/Data/MonoBleedingEdge/etc'
Using monoOptions --debugger-agent=transport=dt_socket,embedding=1,server=y,suspend=n,address=127.0.0.1:56488
Begin MonoManager ReloadAssembly
Registering precompiled unity dll's ...
Register platform support module: C:/Program Files/Unity/Hub/Editor/2021.3.22f1/Editor/Data/PlaybackEngines/WebGLSupport/UnityEditor.WebGL.Extensions.dll
Register platform support module: C:/Program Files/Unity/Hub/Editor/2021.3.22f1/Editor/Data/PlaybackEngines/WindowsStandaloneSupport/UnityEditor.WindowsStandalone.Extensions.dll
Registered in 0.011501 seconds.
Native extension for WindowsStandalone target not found
Native extension for WebGL target not found
Refreshing native plugins compatible for Editor in 132.71 ms, found 12 plugins.
Preloading 1 native plugins for Editor in 0.11 ms.
Mono: successfully reloaded assembly
- Completed reload, in  1.041 seconds
Domain Reload Profiling:
	ReloadAssembly (1042ms)
		BeginReloadAssembly (252ms)
			ExecutionOrderSort (0ms)
			DisableScriptedObjects (0ms)
			BackupInstance (0ms)
			ReleaseScriptingObjects (0ms)
			CreateAndSetChildDomain (1ms)
		EndReloadAssembly (628ms)
			LoadAssemblies (245ms)
			RebuildTransferFunctionScriptingTraits (0ms)
			SetupTypeCache (139ms)
			ReleaseScriptCaches (0ms)
			RebuildScriptCaches (34ms)
			SetupLoadedEditorAssemblies (385ms)
				LogAssemblyErrors (0ms)
				InitializePlatformSupportModulesInManaged (13ms)
				SetLoadedEditorAssemblies (0ms)
				RefreshPlugins (133ms)
				BeforeProcessingInitializeOnLoad (2ms)
				ProcessInitializeOnLoadAttributes (180ms)
				ProcessInitializeOnLoadMethodAttributes (58ms)
				AfterProcessingInitializeOnLoad (0ms)
				EditorAssembliesLoaded (0ms)
			ExecutionOrderSort2 (0ms)
			AwakeInstancesAfterBackupRestoration (0ms)
Platform modules already initialized, skipping
Registering precompiled user dll's ...
Registered in 0.015284 seconds.
Begin MonoManager ReloadAssembly
Symbol file LoadedFromMemory doesn't match image C:\Users\samue\OneDrive\Documents\GitHub\Squad5_VR_Unity_Project\IBE320 Squad5\Library\PackageCache\com.unity.visualscripting@1.8.0\Editor\VisualScripting.Core\Dependencies\DotNetZip\Unity.VisualScripting.IonicZip.dll
Symbol file LoadedFromMemory doesn't match image C:\Users\samue\OneDrive\Documents\GitHub\Squad5_VR_Unity_Project\IBE320 Squad5\Library\PackageCache\com.unity.visualscripting@1.8.0\Editor\VisualScripting.Core\Dependencies\YamlDotNet\Unity.VisualScripting.YamlDotNet.dll
Native extension for WindowsStandalone target not found
Native extension for WebGL target not found
Refreshing native plugins compatible for Editor in 145.32 ms, found 12 plugins.
Preloading 1 native plugins for Editor in 0.17 ms.
Package Manager log level set to [2]
System.Reflection.TargetInvocationException: Exception has been thrown by the target of an invocation. ---> System.NullReferenceException: Object reference not set to an instance of an object
  at Unity.XR.Oculus.OculusLoader.AssetPathToAbsolutePath (System.String assetPath) [0x0003d] in C:\Users\samue\OneDrive\Documents\GitHub\Squad5_VR_Unity_Project\IBE320 Squad5\Library\PackageCache\com.unity.xr.oculus@3.2.3\Runtime\OculusLoader.cs:296 
  at Unity.XR.Oculus.OculusLoader.EditorLoadOVRPlugin () [0x0007b] in C:\Users\samue\OneDrive\Documents\GitHub\Squad5_VR_Unity_Project\IBE320 Squad5\Library\PackageCache\com.unity.xr.oculus@3.2.3\Runtime\OculusLoader.cs:281 
  at (wrapper managed-to-native) System.Reflection.RuntimeMethodInfo.InternalInvoke(System.Reflection.RuntimeMethodInfo,object,object[],System.Exception&)
  at System.Reflection.RuntimeMethodInfo.Invoke (System.Object obj, System.Reflection.BindingFlags invokeAttr, System.Reflection.Binder binder, System.Object[] parameters, System.Globalization.CultureInfo culture) [0x0006a] in <88e4733ac7bc4ae1b496735e6b83bbd3>:0 
   --- End of inner exception stack trace ---
  at System.Reflection.RuntimeMethodInfo.Invoke (System.Object obj, System.Reflection.BindingFlags invokeAttr, System.Reflection.Binder binder, System.Object[] parameters, System.Globalization.CultureInfo culture) [0x00083] in <88e4733ac7bc4ae1b496735e6b83bbd3>:0 
  at System.Reflection.MethodBase.Invoke (System.Object obj, System.Object[] parameters) [0x00000] in <88e4733ac7bc4ae1b496735e6b83bbd3>:0 
  at UnityEditor.EditorAssemblies.ProcessInitializeOnLoadMethodAttributes () [0x000a5] in <964670f15c6b47f9b8f9340732720473>:0 
UnityEngine.StackTraceUtility:ExtractStackTrace ()
UnityEngine.DebugLogHandler:LogFormat (UnityEngine.LogType,UnityEngine.Object,string,object[])
UnityEngine.Logger:Log (UnityEngine.LogType,object)
UnityEngine.Debug:LogError (object)
UnityEditor.EditorAssemblies:ProcessInitializeOnLoadMethodAttributes ()

Mono: successfully reloaded assembly
- Completed reload, in  1.750 seconds
Domain Reload Profiling:
	ReloadAssembly (1773ms)
		BeginReloadAssembly (234ms)
			ExecutionOrderSort (0ms)
			DisableScriptedObjects (73ms)
			BackupInstance (0ms)
			ReleaseScriptingObjects (0ms)
			CreateAndSetChildDomain (22ms)
		EndReloadAssembly (1389ms)
			LoadAssemblies (132ms)
			RebuildTransferFunctionScriptingTraits (0ms)
			SetupTypeCache (388ms)
			ReleaseScriptCaches (1ms)
			RebuildScriptCaches (70ms)
			SetupLoadedEditorAssemblies (746ms)
				LogAssemblyErrors (0ms)
				InitializePlatformSupportModulesInManaged (9ms)
				SetLoadedEditorAssemblies (0ms)
				RefreshPlugins (146ms)
				BeforeProcessingInitializeOnLoad (166ms)
				ProcessInitializeOnLoadAttributes (378ms)
				ProcessInitializeOnLoadMethodAttributes (34ms)
				AfterProcessingInitializeOnLoad (12ms)
				EditorAssembliesLoaded (0ms)
			ExecutionOrderSort2 (0ms)
			AwakeInstancesAfterBackupRestoration (8ms)
Platform modules already initialized, skipping
========================================================================
Worker process is ready to serve import requests
Launched and connected shader compiler UnityShaderCompiler.exe after 0.08 seconds
Refreshing native plugins compatible for Editor in 1.00 ms, found 12 plugins.
Preloading 1 native plugins for Editor in 0.15 ms.
Unloading 3791 Unused Serialized files (Serialized files now loaded: 0)
Unloading 52 unused Assets / (114.5 KB). Loaded Objects now: 4233.
Memory consumption went from 136.8 MB to 136.7 MB.
Total: 5.137000 ms (FindLiveObjects: 0.307300 ms CreateObjectMapping: 0.298200 ms MarkObjects: 4.400700 ms  DeleteObjects: 0.129600 ms)

AssetImportParameters requested are different than current active one (requested -> active):
  custom:video-decoder-ogg-theora: a1e56fd34408186e4bbccfd4996cb3dc -> 
  custom:container-muxer-webm: aa71ff27fc2769a1b78a27578f13a17b -> 
  custom:container-demuxer-webm: 4f35f7cbe854078d1ac9338744f61a02 -> 
  custom:video-encoder-webm-vp8: eb34c28f22e8b96e1ab97ce403110664 -> 
  custom:audio-encoder-webm-vorbis: bf7c407c2cedff20999df2af8eb42d56 -> 
  custom:framework-win-MediaFoundation: 216162199b28c13a410421893ffa2e32 -> 
  custom:container-demuxer-ogg: 62fdf1f143b41e24485cea50d1cbac27 -> 
  custom:video-decoder-webm-vp8: 9c59270c3fd7afecdb556c50c9e8de78 -> 
  custom:audio-decoder-ogg-vorbis: bf7c407c2cedff20999df2af8eb42d56 -> 
========================================================================
Received Import Request.
  Time since last request: 2268250.994497 seconds.
  path: Assets/SimpleSkeleton/Demo/SimpleSkeleton_Demo.unity
  artifactKey: Guid(6c9408a74f75d3a4ba4634c1acffe53a) Importer(815301076,1909f56bfc062723c751e8b465ee728b)
Start importing Assets/SimpleSkeleton/Demo/SimpleSkeleton_Demo.unity using Guid(6c9408a74f75d3a4ba4634c1acffe53a) Importer(815301076,1909f56bfc062723c751e8b465ee728b)  -> (artifact id: 'c71e25ddf144135374571cea41b96338') in 0.026672 seconds 
========================================================================
Received Import Request.
  Time since last request: 11.070217 seconds.
  path: Assets/SimpleSkeleton/Readme_SimpleSkeleton.txt
  artifactKey: Guid(538d5fd988bbb2d44abf7cfd5c2b5c7f) Importer(815301076,1909f56bfc062723c751e8b465ee728b)
Start importing Assets/SimpleSkeleton/Readme_SimpleSkeleton.txt using Guid(538d5fd988bbb2d44abf7cfd5c2b5c7f) Importer(815301076,1909f56bfc062723c751e8b465ee728b)  -> (artifact id: '115c17d82f1ec1468ed923955b7ee86b') in 0.069790 seconds 
========================================================================
Received Import Request.
  Time since last request: 0.815350 seconds.
  path: Assets/SimpleSkeleton
  artifactKey: Guid(d3a31f19cdc9b0e419c8d608ae8946b7) Importer(815301076,1909f56bfc062723c751e8b465ee728b)
Start importing Assets/SimpleSkeleton using Guid(d3a31f19cdc9b0e419c8d608ae8946b7) Importer(815301076,1909f56bfc062723c751e8b465ee728b)  -> (artifact id: '266a33ac9a2c2f1cd4cac117a9630609') in 0.004617 seconds 
========================================================================
Received Import Request.
  Time since last request: 2.113066 seconds.
  path: Assets/SimpleSkeleton/material
  artifactKey: Guid(5f20a606243be4449b35e1368b6a3b08) Importer(815301076,1909f56bfc062723c751e8b465ee728b)
Start importing Assets/SimpleSkeleton/material using Guid(5f20a606243be4449b35e1368b6a3b08) Importer(815301076,1909f56bfc062723c751e8b465ee728b)  -> (artifact id: '628bbd0b49027bf1aeea0564b43aef15') in 0.012066 seconds 
========================================================================
Received Import Request.
  Time since last request: 0.032859 seconds.
  path: Assets/SimpleSkeleton/material/floor.mat
  artifactKey: Guid(68892331697dc70488670ed1abaf7814) Importer(815301076,1909f56bfc062723c751e8b465ee728b)
Start importing Assets/SimpleSkeleton/material/floor.mat using Guid(68892331697dc70488670ed1abaf7814) Importer(815301076,1909f56bfc062723c751e8b465ee728b)  -> (artifact id: 'fd8db41cfca33d27f9a63e5cc4b1fd70') in 0.120372 seconds 
========================================================================
Received Import Request.
  Time since last request: 2.812040 seconds.
  path: Assets/SimpleSkeleton/model
  artifactKey: Guid(6c27c0e44010c7b418d291c1598ab60c) Importer(815301076,1909f56bfc062723c751e8b465ee728b)
Start importing Assets/SimpleSkeleton/model using Guid(6c27c0e44010c7b418d291c1598ab60c) Importer(815301076,1909f56bfc062723c751e8b465ee728b)  -> (artifact id: '1dc9795d6dbf2f5b748c8f45b266e875') in 0.013573 seconds 
========================================================================
Received Import Request.
  Time since last request: 8.737428 seconds.
  path: Assets/SimpleSkeleton/prefab
  artifactKey: Guid(fc139123fa204e541865e1b5d171af39) Importer(815301076,1909f56bfc062723c751e8b465ee728b)
Start importing Assets/SimpleSkeleton/prefab using Guid(fc139123fa204e541865e1b5d171af39) Importer(815301076,1909f56bfc062723c751e8b465ee728b)  -> (artifact id: '18ac50309e585e52d4a7b9a9f89bd907') in 0.013513 seconds 
========================================================================
Received Import Request.
  Time since last request: 12.662524 seconds.
  path: Assets/SimpleNaturePack
  artifactKey: Guid(30341396a589664418cb8e33d2b6dc29) Importer(815301076,1909f56bfc062723c751e8b465ee728b)
Start importing Assets/SimpleNaturePack using Guid(30341396a589664418cb8e33d2b6dc29) Importer(815301076,1909f56bfc062723c751e8b465ee728b)  -> (artifact id: '50cb90b1e914b692ed33807b7c597045') in 0.013373 seconds 
========================================================================
Received Import Request.
  Time since last request: 5.026792 seconds.
  path: Assets/SimpleSkeleton/script
  artifactKey: Guid(e3f66b8917939c8409b4a7c9e33856ea) Importer(815301076,1909f56bfc062723c751e8b465ee728b)
Start importing Assets/SimpleSkeleton/script using Guid(e3f66b8917939c8409b4a7c9e33856ea) Importer(815301076,1909f56bfc062723c751e8b465ee728b)  -> (artifact id: '1627c0597376991aa7ad291f9a844371') in 0.014705 seconds 
========================================================================
Received Import Request.
  Time since last request: 4.206607 seconds.
  path: Assets/SimpleSkeleton/Demo
  artifactKey: Guid(614fb33411f78954ca0ddfad3846c73b) Importer(815301076,1909f56bfc062723c751e8b465ee728b)
Start importing Assets/SimpleSkeleton/Demo using Guid(614fb33411f78954ca0ddfad3846c73b) Importer(815301076,1909f56bfc062723c751e8b465ee728b)  -> (artifact id: '3744d2e1f86048d2be205cd6b8f2d4f6') in 0.010419 seconds 
========================================================================
Received Import Request.
  Time since last request: 1.129085 seconds.
  path: Assets/SimpleSkeleton/Demo/SimpleSkeleton_Demo
  artifactKey: Guid(43f193d23eb10e043ad67b74667181a3) Importer(815301076,1909f56bfc062723c751e8b465ee728b)
Start importing Assets/SimpleSkeleton/Demo/SimpleSkeleton_Demo using Guid(43f193d23eb10e043ad67b74667181a3) Importer(815301076,1909f56bfc062723c751e8b465ee728b)  -> (artifact id: '8ac205946cd952ef31207a5b0a19d835') in 0.011383 seconds 
========================================================================
Received Import Request.
  Time since last request: 0.021472 seconds.
  path: Assets/SimpleSkeleton/Demo/SimpleSkeleton_Demo/ReflectionProbe-0.exr
  artifactKey: Guid(0e4ea45017d23444282b22ca7b9aa0e3) Importer(815301076,1909f56bfc062723c751e8b465ee728b)
Start importing Assets/SimpleSkeleton/Demo/SimpleSkeleton_Demo/ReflectionProbe-0.exr using Guid(0e4ea45017d23444282b22ca7b9aa0e3) Importer(815301076,1909f56bfc062723c751e8b465ee728b)  -> (artifact id: 'a852004ea49f13649dae28699a21da8d') in 0.040299 seconds 
========================================================================
Received Import Request.
  Time since last request: 5.280606 seconds.
  path: Assets/SimpleSkeleton/UI
  artifactKey: Guid(5ed505228ac9c534b87984df86bc3a3d) Importer(815301076,1909f56bfc062723c751e8b465ee728b)
Start importing Assets/SimpleSkeleton/UI using Guid(5ed505228ac9c534b87984df86bc3a3d) Importer(815301076,1909f56bfc062723c751e8b465ee728b)  -> (artifact id: '9f006763875c450c372f8ee2edae3e0b') in 0.017913 seconds 
========================================================================
Received Import Request.
  Time since last request: 0.010344 seconds.
  path: Assets/SimpleSkeleton/UI/discription.prefab
  artifactKey: Guid(e6c468155ef40e146848abf007059c26) Importer(815301076,1909f56bfc062723c751e8b465ee728b)
Start importing Assets/SimpleSkeleton/UI/discription.prefab using Guid(e6c468155ef40e146848abf007059c26) Importer(815301076,1909f56bfc062723c751e8b465ee728b)  -> (artifact id: '4a0ac2730358936a429906506340065c') in 0.027906 seconds 
========================================================================
Received Import Request.
  Time since last request: 3.580662 seconds.
  path: Assets/SimpleSkeleton/script/SimpleSkeletonController.cs
  artifactKey: Guid(eb3cb8225a5113a439aa17f10f072fd5) Importer(815301076,1909f56bfc062723c751e8b465ee728b)
Start importing Assets/SimpleSkeleton/script/SimpleSkeletonController.cs using Guid(eb3cb8225a5113a439aa17f10f072fd5) Importer(815301076,1909f56bfc062723c751e8b465ee728b)  -> (artifact id: 'cecab19207b93793d97573087c58b428') in 0.014158 seconds 
========================================================================
Received Import Request.
  Time since last request: 0.921518 seconds.
  path: Assets/SimpleSkeleton/script/SimpleSkeletonAnimator.controller
  artifactKey: Guid(550d059950f99454389d82046ff3d437) Importer(815301076,1909f56bfc062723c751e8b465ee728b)
Start importing Assets/SimpleSkeleton/script/SimpleSkeletonAnimator.controller using Guid(550d059950f99454389d82046ff3d437) Importer(815301076,1909f56bfc062723c751e8b465ee728b)  -> (artifact id: 'ef9b00ae37436d07263599f84bb3a236') in 0.031608 seconds 
========================================================================
Received Import Request.
  Time since last request: 199.040407 seconds.
  path: Assets/SimpleSkeleton/prefab/SimpleSkeleton.prefab
  artifactKey: Guid(28f88c8215bd10c469a0d0ce4a66d9bc) Importer(815301076,1909f56bfc062723c751e8b465ee728b)
Start importing Assets/SimpleSkeleton/prefab/SimpleSkeleton.prefab using Guid(28f88c8215bd10c469a0d0ce4a66d9bc) Importer(815301076,1909f56bfc062723c751e8b465ee728b)  -> (artifact id: '50d95d9370e9801f497fe8b3db4942ab') in 0.335845 seconds 
========================================================================
Received Import Request.
  Time since last request: 222.024170 seconds.
  path: Assets/Blink/Art/Animals
  artifactKey: Guid(b0c886b2e10e9bd4898d2be19a19d6e3) Importer(815301076,1909f56bfc062723c751e8b465ee728b)
Start importing Assets/Blink/Art/Animals using Guid(b0c886b2e10e9bd4898d2be19a19d6e3) Importer(815301076,1909f56bfc062723c751e8b465ee728b)  -> (artifact id: '49b4e1e5ae783f69e9b695a675bfd9d2') in 0.013163 seconds 
========================================================================
Received Import Request.
  Time since last request: 2.055819 seconds.
  path: Assets/Blink/Art/Animals/Stylized/Bear
  artifactKey: Guid(732a34944c5eb2c43bb0b80fe20f1bb3) Importer(815301076,1909f56bfc062723c751e8b465ee728b)
Start importing Assets/Blink/Art/Animals/Stylized/Bear using Guid(732a34944c5eb2c43bb0b80fe20f1bb3) Importer(815301076,1909f56bfc062723c751e8b465ee728b)  -> (artifact id: '26a4c0da664f311aeab2391e4d93847f') in 0.012998 seconds 
========================================================================
Received Import Request.
  Time since last request: 24.948045 seconds.
  path: Assets/SimpleNaturePack/Models/Branch_01.fbx
  artifactKey: Guid(5528351815fd4c04abf537f22c7e18f1) Importer(815301076,1909f56bfc062723c751e8b465ee728b)
Start importing Assets/SimpleNaturePack/Models/Branch_01.fbx using Guid(5528351815fd4c04abf537f22c7e18f1) Importer(815301076,1909f56bfc062723c751e8b465ee728b)  -> (artifact id: '5caafd53a5c8e79b8632a06c8cae1316') in 0.192153 seconds 
========================================================================
Received Import Request.
  Time since last request: 0.000036 seconds.
  path: Assets/SimpleNaturePack/Models/Tree_04.fbx
  artifactKey: Guid(83e8d2542718a2e49a73d71c3a5fc685) Importer(815301076,1909f56bfc062723c751e8b465ee728b)
Start importing Assets/SimpleNaturePack/Models/Tree_04.fbx using Guid(83e8d2542718a2e49a73d71c3a5fc685) Importer(815301076,1909f56bfc062723c751e8b465ee728b)  -> (artifact id: 'be20e64ec81cbd2a05efedeb67f31a69') in 0.115917 seconds 
========================================================================
Received Import Request.
  Time since last request: 0.016214 seconds.
  path: Assets/SimpleNaturePack/Models/Tree_01.fbx
  artifactKey: Guid(6c7eaede4efc960409fb9ef2dfb77f29) Importer(815301076,1909f56bfc062723c751e8b465ee728b)
Start importing Assets/SimpleNaturePack/Models/Tree_01.fbx using Guid(6c7eaede4efc960409fb9ef2dfb77f29) Importer(815301076,1909f56bfc062723c751e8b465ee728b)  -> (artifact id: 'ae1b4376e0d35c935b2eee02e0d0cb49') in 0.044972 seconds 
========================================================================
Received Import Request.
  Time since last request: 0.000931 seconds.
  path: Assets/SimpleNaturePack/Models/Tree_05.fbx
  artifactKey: Guid(603970f97e50c56488ec3c5a6febd940) Importer(815301076,1909f56bfc062723c751e8b465ee728b)
Start importing Assets/SimpleNaturePack/Models/Tree_05.fbx using Guid(603970f97e50c56488ec3c5a6febd940) Importer(815301076,1909f56bfc062723c751e8b465ee728b)  -> (artifact id: '72340df59aad105f958f845c7c3d366a') in 0.062061 seconds 
========================================================================
Received Import Request.
  Time since last request: 0.000034 seconds.
  path: Assets/SimpleNaturePack/Models/Tree_03.fbx
  artifactKey: Guid(69f0af3a0a6c73b4ab4b89eb82cdc488) Importer(815301076,1909f56bfc062723c751e8b465ee728b)
Start importing Assets/SimpleNaturePack/Models/Tree_03.fbx using Guid(69f0af3a0a6c73b4ab4b89eb82cdc488) Importer(815301076,1909f56bfc062723c751e8b465ee728b)  -> (artifact id: '7dcab0c66e16b67ff247ac8a2ad9d722') in 0.120990 seconds 
========================================================================
Received Import Request.
  Time since last request: 0.003419 seconds.
  path: Assets/SimpleNaturePack/Models/Mushroom_02.fbx
  artifactKey: Guid(6c890c97a154a474082af84a379dffce) Importer(815301076,1909f56bfc062723c751e8b465ee728b)
Start importing Assets/SimpleNaturePack/Models/Mushroom_02.fbx using Guid(6c890c97a154a474082af84a379dffce) Importer(815301076,1909f56bfc062723c751e8b465ee728b)  -> (artifact id: 'fcfc03bb8b255ccadcb97878545add02') in 0.043150 seconds 
========================================================================
Received Import Request.
  Time since last request: 0.021152 seconds.
  path: Assets/SimpleNaturePack/Models/Ground_01.fbx
  artifactKey: Guid(d4ad967689295ba4eaf8baeaebc8721b) Importer(815301076,1909f56bfc062723c751e8b465ee728b)
Start importing Assets/SimpleNaturePack/Models/Ground_01.fbx using Guid(d4ad967689295ba4eaf8baeaebc8721b) Importer(815301076,1909f56bfc062723c751e8b465ee728b)  -> (artifact id: 'fd22ed5ce5c9de3bc6398df1caf5c51a') in 0.037993 seconds 
========================================================================
Received Import Request.
  Time since last request: 17.780123 seconds.
  path: Assets/SimpleNaturePack/Textures/NaturePackLite_Texture_01.png
  artifactKey: Guid(28a51d508c86a8948b59df81d5188b17) Importer(815301076,1909f56bfc062723c751e8b465ee728b)
Start importing Assets/SimpleNaturePack/Textures/NaturePackLite_Texture_01.png using Guid(28a51d508c86a8948b59df81d5188b17) Importer(815301076,1909f56bfc062723c751e8b465ee728b)  -> (artifact id: 'c64ee61beac746fb07e7b76909cb5174') in 0.022474 seconds 
========================================================================
Received Import Request.
  Time since last request: 11.898181 seconds.
  path: Assets/SimpleNaturePack/Prefabs/Branch_01.prefab
  artifactKey: Guid(b9de24523a11d714db3851b5f0f9d527) Importer(815301076,1909f56bfc062723c751e8b465ee728b)
Start importing Assets/SimpleNaturePack/Prefabs/Branch_01.prefab using Guid(b9de24523a11d714db3851b5f0f9d527) Importer(815301076,1909f56bfc062723c751e8b465ee728b)  -> (artifact id: '012848326097e3496f6cf30ae35ca327') in 0.028838 seconds 
========================================================================
Received Import Request.
  Time since last request: 0.000027 seconds.
  path: Assets/SimpleNaturePack/Prefabs/Tree_04.prefab
  artifactKey: Guid(f0c16f0ea935ea64297ca1d4d55d9746) Importer(815301076,1909f56bfc062723c751e8b465ee728b)
Start importing Assets/SimpleNaturePack/Prefabs/Tree_04.prefab using Guid(f0c16f0ea935ea64297ca1d4d55d9746) Importer(815301076,1909f56bfc062723c751e8b465ee728b)  -> (artifact id: '6b73c7a329ccf78be8e743e4adaefe80') in 0.026732 seconds 
========================================================================
Received Import Request.
  Time since last request: 0.000029 seconds.
  path: Assets/SimpleNaturePack/Prefabs/Mushroom_01.prefab
  artifactKey: Guid(ff62b58c5a9ea164fa8ddf8038e10cd1) Importer(815301076,1909f56bfc062723c751e8b465ee728b)
Start importing Assets/SimpleNaturePack/Prefabs/Mushroom_01.prefab using Guid(ff62b58c5a9ea164fa8ddf8038e10cd1) Importer(815301076,1909f56bfc062723c751e8b465ee728b)  -> (artifact id: '40cd7ca316ccc5fbdbdb06ea47b9ee22') in 0.028119 seconds 
========================================================================
Received Import Request.
  Time since last request: 0.000031 seconds.
  path: Assets/SimpleNaturePack/Prefabs/Ground_03.prefab
  artifactKey: Guid(3f9b178ccd3b86f4ebbfc1f5a2815e56) Importer(815301076,1909f56bfc062723c751e8b465ee728b)
Start importing Assets/SimpleNaturePack/Prefabs/Ground_03.prefab using Guid(3f9b178ccd3b86f4ebbfc1f5a2815e56) Importer(815301076,1909f56bfc062723c751e8b465ee728b)  -> (artifact id: '89c5ec66ab1559917a702335848de276') in 0.067505 seconds 
========================================================================
Received Import Request.
  Time since last request: 0.013546 seconds.
  path: Assets/SimpleNaturePack/Prefabs/Tree_02.prefab
  artifactKey: Guid(e289bf5debb17f6459818c207d781953) Importer(815301076,1909f56bfc062723c751e8b465ee728b)
Start importing Assets/SimpleNaturePack/Prefabs/Tree_02.prefab using Guid(e289bf5debb17f6459818c207d781953) Importer(815301076,1909f56bfc062723c751e8b465ee728b)  -> (artifact id: '2610972c033660d850e82594de4f3542') in 0.026651 seconds 
========================================================================
Received Import Request.
  Time since last request: 0.000026 seconds.
  path: Assets/SimpleNaturePack/Prefabs/Tree_05.prefab
  artifactKey: Guid(60f79905accf3b24fa0114b941f1aac0) Importer(815301076,1909f56bfc062723c751e8b465ee728b)
Start importing Assets/SimpleNaturePack/Prefabs/Tree_05.prefab using Guid(60f79905accf3b24fa0114b941f1aac0) Importer(815301076,1909f56bfc062723c751e8b465ee728b)  -> (artifact id: 'b79045aea9ce4b6cca2f89146b08a8a3') in 0.086960 seconds 
Editor requested this worker to shutdown with reason: Scaling down because of idle timeout
AssetImportWorkerClient::OnTransportError - code=2 error=End of file
AssetImportWorker is now disconnected from the server
Process exiting
Exiting without the bug reporter. Application will terminate with return code 0